<?xml version="1.0" encoding="UTF-8"?>
<testng-results skipped="0" failed="0" total="1" passed="1">
  <reporter-output>
  </reporter-output>
  <suite name="Default suite" duration-ms="249" started-at="2021-03-19T10:47:57Z" finished-at="2021-03-19T10:47:58Z">
    <groups>
    </groups>
    <test name="Default test" duration-ms="249" started-at="2021-03-19T10:47:57Z" finished-at="2021-03-19T10:47:58Z">
      <class name="log4j.demolog4j">
        <test-method status="PASS" signature="test()[pri:0, instance:log4j.demolog4j@58a9760d]" name="test" duration-ms="150" started-at="2021-03-19T16:17:57Z" finished-at="2021-03-19T16:17:57Z">
          <reporter-output>
          </reporter-output>
        </test-method> <!-- test -->
      </class> <!-- log4j.demolog4j -->
    </test> <!-- Default test -->
  </suite> <!-- Default suite -->
</testng-results>
